SSB00050031#noise-free-sound-0234#6.12_3.25_3.00_2.17_1.90_198.0602_303.0752_0.4108#-1#2.9974434439797992#0.8365355436681539
SSB00050039#noise-sound-bible-0024#3.65_4.93_3.00_2.63_1.37_32.7231_233.1723_0.5880#2897#15.989926264332986#0.8388120137709147
SSB00050039#noise-sound-bible-0026#3.20_6.63_3.00_1.99_2.95_194.2637_118.0957_0.7215#0#24.847286284432514#0.373678151952077
SSB00050053#noise-free-sound-0336#3.35_6.54_3.00_2.58_1.80_106.9831_145.3065_0.4741#-1#7.522450311919488#0.3797570612646831
SSB00050071#noise-free-sound-0802#7.65_7.55_3.00_3.99_3.60_114.9956_189.9784_0.4681#-1#29.026199803551474#0.8607052543172211
SSB00050074#noise-free-sound-0047#4.93_6.91_3.00_4.30_1.96_112.3201_354.7220_0.6392#42461#28.61802932661534#0.21444997760032847
SSB00050074#noise-free-sound-0582#3.28_3.71_3.00_2.23_1.07_293.9809_221.7807_0.6668#0#4.592450491136415#0.747355593532512
SSB00050078#noise-free-sound-0417#7.60_5.14_3.00_0.92_3.60_156.2433_126.3942_0.6088#10993#4.388975350726557#0.4610024148646345
SSB00050078#noise-free-sound-0493#7.34_5.00_3.00_2.19_1.90_175.1662_55.0456_0.6067#0#27.05841759405148#0.3491695621531157
SSB00050098#music-hd-0025#5.69_3.34_3.00_3.24_0.88_155.0087_333.2327_0.4953#-2#8.598082474493527#0.8896022723186496
SSB00050100#music-jamendo-0041#6.72_4.98_3.00_3.78_2.03_190.9976_312.7116_0.4060#0#27.583087896978864#0.6396249858846719
SSB00050100#music-jamendo-0112#3.25_6.40_3.00_1.04_3.64_32.3504_289.9742_0.6826#72625#1.083459408260018#0.38465551784878294
SSB00050112#noise-free-sound-0079#4.39_3.53_3.00_2.58_1.65_179.6312_207.1287_0.3207#-1#19.157361330994828#0.7939442834361521
SSB00050128#music-rfm-0088#6.52_6.70_3.00_4.05_4.97_313.9563_230.7155_0.2809#-1#22.649964888198298#0.3071175894974015
SSB00050143#music-fma-0021#7.63_4.83_3.00_2.60_3.96_217.5069_186.0408_0.3764#-1#8.218472091140601#0.8188226564385532
SSB00050154#noise-free-sound-0636#6.30_6.39_3.00_1.25_2.47_269.5165_317.6940_0.5452#-1#18.374974324075165#0.25634155507141176
SSB00050161#music-jamendo-0084#6.63_3.92_3.00_2.12_0.80_343.7601_57.3442_0.4198#-1#3.5853780857051056#0.23276638314734352
SSB00050162#noise-free-sound-0316#3.87_5.83_3.00_2.28_1.16_347.7429_73.2133_0.6018#0#9.53948167778135#0.8566638768212638
SSB00050162#noise-free-sound-0449#3.87_6.12_3.00_1.27_1.59_147.4289_232.4484_0.7658#33393#8.409226806023891#0.8178108151521102
SSB00050164#music-rfm-0036#7.77_5.48_3.00_2.42_1.71_13.3308_293.6634_0.7428#24946#19.373319766671745#0.44360575711310635
SSB00050164#music-rfm-0134#3.40_4.37_3.00_1.54_1.46_300.7951_89.1290_0.7557#0#4.903064091109179#0.6907310103256483
SSB00050189#noise-free-sound-0531#6.36_7.45_3.00_1.68_2.55_40.3258_110.4626_0.2823#-1#9.092009924754382#0.8687033330842606
SSB00050201#music-rfm-0035#5.73_6.06_3.00_1.85_1.18_64.0183_131.5981_0.5484#-1#16.044300721424715#0.8621977139702144
SSB00050233#music-fma-0102#3.88_5.34_3.00_1.74_1.66_105.8078_292.0639_0.5837#-1#2.9463627763318003#0.7892185019901101
SSB00050250#music-hd-0010#3.26_7.24_3.00_1.37_3.37_64.5423_131.6584_0.2736#69968#8.944085537845645#0.3559355175075607
SSB00050250#music-hd-0061#7.49_5.28_3.00_4.29_1.03_176.8280_76.6844_0.5226#0#0.3145954779035187#0.6886037046131112
SSB00050252#music-rfm-0039#5.47_7.50_3.00_1.25_1.44_154.9708_177.2668_0.3106#-2#10.222024746567053#0.8257667391263306
SSB00050259#music-fma-wa-0038#7.50_7.81_3.00_3.33_2.44_201.8379_32.6580_0.3419#-1#8.641434821781672#0.3045335920759802
SSB00050268#noise-free-sound-0483#4.89_4.81_3.00_1.79_1.35_88.2364_157.6773_0.5060#-1#26.59508017240281#0.7832360859823289
SSB00050270#noise-free-sound-0076#7.24_3.55_3.00_1.66_1.52_356.9411_306.1419_0.5641#-1#18.073681413481292#0.23735235574392974
SSB00050273#noise-free-sound-0198#3.97_5.17_3.00_2.98_1.43_99.7069_10.9947_0.7117#-1#1.939445720890156#0.34986617844981716
SSB00050289#noise-free-sound-0469#7.28_3.39_3.00_1.60_1.64_89.8389_151.0095_0.6056#-1#20.62008177626183#0.8965917003459996
SSB00050295#music-fma-wa-0052#4.46_7.13_3.00_1.27_2.66_234.2919_98.2978_0.2359#-1#19.02354934820542#0.7992559652209552
SSB00050346#noise-sound-bible-0051#5.84_5.35_3.00_3.08_3.31_248.4432_328.2254_0.6031#-1#24.00720969243353#0.5154952784483102
SSB00050353#music-jamendo-0037#5.37_3.48_3.00_1.09_1.83_325.7758_158.2579_0.7831#-1#20.93590708401479#0.41948368295419086
SSB00050355#noise-free-sound-0326#5.99_3.49_3.00_1.71_2.32_18.6600_173.0234_0.7815#-1#1.7201363337928488#0.6102260509635841
SSB00050364#noise-free-sound-0330#7.76_5.24_3.00_2.83_1.20_293.4888_324.5572_0.6453#-1#7.490246878599751#0.7086163385739483
SSB00050366#noise-free-sound-0339#3.01_7.50_3.00_3.94_1.14_99.9043_135.3460_0.7329#30946#19.293642214215836#0.33220876293506507
SSB00050366#noise-free-sound-0378#3.89_3.96_3.00_2.26_2.57_184.9164_208.2854_0.6730#0#18.10816012912694#0.8460234284902808
SSB00050375#noise-free-sound-0546#3.85_7.98_3.00_1.63_2.28_104.3559_182.2713_0.6585#0#17.32484614612223#0.7171749953698938
SSB00050375#noise-free-sound-0802#5.82_7.16_3.00_1.37_3.83_315.0755_269.6971_0.4677#14579#13.419377881303822#0.3785667611537528
SSB00050379#noise-free-sound-0331#4.43_4.13_3.00_2.16_1.96_344.7638_115.9571_0.3410#-1#14.847798920209382#0.5414612535101939
SSB00050380#noise-free-sound-0571#5.66_5.87_3.00_2.68_1.01_4.5380_111.0934_0.7113#-1#14.352678031104416#0.3585213447899118
SSB00050384#noise-free-sound-0834#4.91_5.34_3.00_0.98_1.39_329.5685_203.9985_0.4015#-2#1.4621617455981872#0.8787299955925083
SSB00050394#noise-free-sound-0668#7.63_5.46_3.00_4.93_1.49_321.1643_204.9964_0.2227#-2#3.059042258205741#0.5022351807867117
SSB00050395#noise-free-sound-0387#6.21_5.88_3.00_2.11_1.60_283.5024_60.6347_0.3022#-1#1.3629607156962498#0.2935081568868083
SSB00050406#noise-free-sound-0262#5.29_5.98_3.00_3.66_1.26_82.6288_57.1720_0.4921#22032#21.744446340734804#0.530897798697819
SSB00050406#noise-free-sound-0292#7.95_7.48_3.00_4.53_4.17_146.6431_330.9516_0.6657#0#6.408528808964854#0.30808609634126827
SSB00050426#noise-free-sound-0245#4.65_4.29_3.00_1.19_2.97_238.6105_149.7757_0.4522#0#28.153991351725423#0.3119568529187733
SSB00050426#noise-free-sound-0525#3.17_7.75_3.00_3.57_1.98_124.6253_202.8692_0.6015#35248#29.059510145337498#0.6680238535976488
SSB00050431#noise-free-sound-0204#4.13_5.20_3.00_2.39_3.03_166.2092_213.3078_0.2846#-1#7.097892446154875#0.6208293784368064
SSB00050438#noise-free-sound-0503#6.75_7.40_3.00_3.15_2.19_139.3727_88.6841_0.7026#-1#0.23619417976461166#0.556801709936806
SSB00050442#music-hd-0042#4.44_4.80_3.00_2.38_2.88_133.1810_153.4737_0.4187#0#17.83615623585053#0.5476539231745843
SSB00050442#music-hd-0073#3.95_3.34_3.00_2.12_2.49_62.3577_350.2697_0.3871#1923#14.713707338091002#0.5892473347373335
SSB00050444#music-fma-0004#4.77_4.29_3.00_1.54_0.93_157.1923_91.0114_0.7660#-1#27.358137281358374#0.6849067221221892
SSB00050446#noise-free-sound-0002#3.52_6.37_3.00_2.08_2.11_133.2859_333.7265_0.6138#-2#25.48844676695116#0.8937951551407233
SSB00050449#noise-free-sound-0076#4.50_6.36_3.00_2.17_1.22_90.2885_353.1705_0.2823#-1#26.171806523623374#0.352534162863814
SSB00050452#music-jamendo-0111#6.22_7.56_3.00_1.23_2.31_66.1203_236.1503_0.4743#5485#27.112832193614626#0.5604731627791664
SSB00050452#music-jamendo-0182#3.85_7.71_3.00_1.91_1.38_6.9611_279.2252_0.3266#0#26.907246491179375#0.45747829893104097
SSB00050457#noise-free-sound-0277#7.99_7.55_3.00_4.40_1.93_259.2355_85.5803_0.6361#0#3.2043806041659737#0.2796991978639424
SSB00050457#noise-free-sound-0502#4.14_3.97_3.00_2.88_1.25_42.7911_232.2605_0.7330#21057#2.7026718726284615#0.8758489595179326
SSB00050470#noise-free-sound-0047#6.23_3.68_3.00_3.04_2.82_44.6484_2.0884_0.4013#-1#24.89055014307753#0.328316091310191
SSB00050473#music-rfm-0076#5.37_4.58_3.00_0.57_3.07_322.8972_222.7172_0.6095#-2#0.058986132127503144#0.36378272971491526
SSB00050477#noise-free-sound-0690#7.40_3.46_3.00_1.79_2.97_128.4593_174.5382_0.7671#-1#14.30679799770372#0.33391591915660235
SSB00050489#music-hd-0057#4.93_3.78_3.00_1.22_2.36_310.4185_22.0808_0.2292#-1#21.868323922838165#0.3100017980446024
SSB00090006#noise-free-sound-0341#5.60_4.99_3.00_1.03_2.80_87.4749_306.1370_0.5540#-2#9.42386313243151#0.7135808441562812
SSB00090015#noise-free-sound-0793#4.67_7.09_3.00_2.89_3.54_165.6586_274.2566_0.6724#-1#23.384719954785464#0.26455504755398435
SSB00090022#music-rfm-0009#4.40_4.84_3.00_0.66_2.71_3.0118_335.4056_0.7229#-2#10.135950556517654#0.752419558458469
SSB00090046#music-rfm-0044#5.18_5.93_3.00_3.42_3.05_249.2506_351.0551_0.2805#-1#1.133275815931093#0.560246676517195
SSB00090056#noise-free-sound-0016#4.15_6.24_3.00_2.07_1.79_290.2627_97.2451_0.2560#-2#19.97375847985265#0.31558827904957065
SSB00090058#music-jamendo-0008#5.27_6.90_3.00_1.16_3.49_211.2509_320.8438_0.5500#-2#26.773842212980146#0.2708840398039699
SSB00090069#noise-sound-bible-0007#6.91_4.61_3.00_2.28_2.70_63.8234_188.0333_0.5247#-2#28.546025657993674#0.826856127745911
SSB00090075#music-hd-0024#3.20_6.21_3.00_2.36_2.46_123.9342_94.3671_0.6388#-2#11.768873834964168#0.41764230027946414
SSB00090100#noise-free-sound-0761#3.44_3.66_3.00_0.96_2.18_50.2190_209.9951_0.5947#-2#16.193815661329715#0.22257027347128383
SSB00090113#noise-free-sound-0438#6.11_3.46_3.00_1.97_2.01_108.5580_37.7734_0.7849#-2#5.925289946938945#0.33395795195725597
SSB00090154#music-rfm-0019#5.01_5.20_3.00_4.43_0.91_227.6751_31.3500_0.2617#-2#15.357143212561514#0.5790199895166532
SSB00090171#noise-free-sound-0168#4.29_4.19_3.00_2.84_1.10_250.9040_327.9990_0.5758#-2#9.320341961133833#0.3373276427685675
SSB00090172#music-fma-0087#3.93_4.74_3.00_2.09_2.37_157.2623_77.4458_0.5885#-2#17.369488898798622#0.43128206180375206
SSB00090177#noise-free-sound-0573#4.82_6.11_3.00_1.22_3.27_169.3787_305.8551_0.4925#-2#12.860718605492105#0.7438499987566063
SSB00090188#noise-free-sound-0582#4.19_5.29_3.00_2.74_2.19_319.3319_64.2032_0.2744#-2#20.272704770212087#0.2058117787861739
SSB00090189#music-rfm-0040#6.70_5.67_3.00_1.84_3.50_153.5841_326.8618_0.4215#-1#22.38810785297738#0.8303404279440638
SSB00090196#noise-free-sound-0716#5.73_4.90_3.00_1.07_2.56_47.4519_170.7414_0.7582#-2#9.290516787972075#0.8032819890545366
SSB00090201#music-jamendo-0030#5.46_5.92_3.00_3.54_1.42_324.6187_134.7571_0.3191#-2#19.3395685388504#0.3378023228238882
SSB00090234#noise-free-sound-0729#6.40_3.47_3.00_2.32_0.71_168.9661_108.1908_0.7136#-2#1.91148618894041#0.6446707230275803
SSB00090238#music-rfm-0033#4.44_3.31_3.00_0.54_1.31_131.4077_34.4047_0.3670#-2#8.325410832580918#0.36188500935587486
SSB00090250#noise-sound-bible-0070#7.46_4.72_3.00_1.75_3.12_2.6726_187.1887_0.4795#-2#21.26414527520276#0.4881906851130226
SSB00090254#music-rfm-0060#6.92_5.14_3.00_2.57_2.14_9.8851_356.1716_0.4384#-1#17.947842183382143#0.787915907756938
SSB00090256#noise-free-sound-0260#3.29_3.53_3.00_1.31_1.63_351.0947_187.9973_0.4864#-2#2.214782736740263#0.5648419715306315
SSB00090278#noise-free-sound-0446#7.72_5.52_3.00_4.64_1.28_359.6454_133.2096_0.7630#-1#8.952885817631962#0.7390546377429605
SSB00090279#music-fma-wa-0024#6.14_7.97_3.00_4.83_2.62_70.1873_31.5479_0.6511#-1#4.932838143854959#0.8915462297996197
SSB00090289#noise-free-sound-0716#5.37_4.52_3.00_0.67_3.45_181.8146_328.7112_0.6551#-2#3.9908109962973315#0.550813046688529
SSB00090292#music-jamendo-0037#5.19_4.35_3.00_1.02_1.30_97.5198_311.6164_0.4949#-2#26.568206429721325#0.33362993962918863
SSB00090298#noise-free-sound-0503#5.38_4.55_3.00_2.17_0.78_20.7923_184.6702_0.2555#-2#28.332012743207574#0.2933749754369666
SSB00090300#music-rfm-0097#5.50_3.12_3.00_2.42_1.47_227.8912_268.6503_0.2125#-2#11.430988944565566#0.7811156526302587
SSB00090329#music-rfm-0057#6.08_5.41_3.00_1.80_3.19_127.7182_317.0902_0.5793#-2#9.757923773055111#0.5905974473209075
SSB00090333#noise-free-sound-0664#4.44_6.07_3.00_0.68_2.22_43.3093_160.3781_0.6454#-2#26.96261957755769#0.722191824594355
SSB00090345#noise-free-sound-0256#6.02_4.54_3.00_1.44_0.98_232.3576_134.3877_0.3142#-2#16.802579796124828#0.7546085891754948
SSB00090347#noise-free-sound-0523#6.70_7.30_3.00_1.14_2.14_13.9117_191.4559_0.4806#-2#25.909156445425985#0.26604086746370603
SSB00090355#music-jamendo-0056#7.48_6.30_3.00_4.68_3.07_142.4372_76.7339_0.3081#-2#17.451269655722346#0.45028091599771913
SSB00090368#noise-free-sound-0387#4.58_6.82_3.00_2.62_2.19_202.1599_70.8185_0.4873#-1#10.31212043070648#0.3061465253665633