SSB11260049#noise-free-sound-0479#3.25_6.60_3.00_1.39_2.29_58.7167_278.6694_0.3471#0#25.235621430565793#0.5602017641648003
SSB13820016#noise-free-sound-0027#7.94_7.55_3.00_3.10_3.43_311.8039_356.7000_0.2249#-1#22.16455165805688#0.2886604321959567
SSB13280099#noise-free-sound-0756#4.69_7.80_3.00_1.64_4.93_151.8737_106.9543_0.3838#-1#7.653502863963773#0.6313017066993747
SSB14310128#noise-free-sound-0477#5.11_4.79_3.00_2.14_2.69_47.2332_109.7829_0.7245#-2#11.710899830142123#0.7215413823985113
SSB12190075#music-fma-0044#3.59_4.70_3.00_3.11_3.04_96.3466_48.8517_0.5817#0#19.70570518359226#0.5815229987292225
SSB11350448#noise-free-sound-0244#4.52_3.82_3.00_0.66_2.68_93.7504_209.6044_0.7419#0#17.804897119605148#0.3623640948025416
SSB17820105#noise-free-sound-0015#7.91_3.77_3.00_1.23_2.99_24.3834_336.4781_0.3448#-2#25.630692024656383#0.8889361532219247
p257_128#noise-free-sound-0452#3.10_3.41_3.00_0.82_1.86_18.6230_52.0252_0.7547#-2#6.26359783580987#0.5784600953614009
SSB18460113#noise-free-sound-0800#4.27_7.41_3.00_4.16_2.20_313.0095_128.8462_0.3854#0#12.008541284022776#0.8651869671207166
SSB18310411#music-hd-0027#3.51_5.14_3.00_0.67_1.03_101.2441_45.6964_0.7873#-1#9.667010852331973#0.5124338693238049
SSB18910242#music-jamendo-0075#3.39_3.96_3.00_1.46_0.67_303.3317_256.1194_0.4353#-2#11.292258860660748#0.5554379158526443
p232_272#noise-free-sound-0830#7.15_7.82_3.00_1.41_4.95_204.8934_52.4710_0.6171#-2#20.716748133302378#0.7202218634624824
p232_369#music-jamendo-0031#5.98_7.50_3.00_2.31_3.77_356.1384_106.2720_0.7958#-1#4.193560788802739#0.5023145037156568
p257_339#noise-sound-bible-0006#4.97_4.00_3.00_1.35_2.61_291.9307_222.2075_0.6096#-1#0.7622348728204587#0.6751604301232748
SSB19020250#noise-free-sound-0129#4.67_5.80_3.00_2.77_1.47_267.3110_63.3559_0.6499#-2#8.098392416103636#0.8063664186519526
SSB10020338#noise-free-sound-0085#6.41_3.87_3.00_2.50_1.75_347.8243_313.7139_0.3799#0#13.995235455297333#0.5838885921935276
SSB07360216#noise-free-sound-0518#5.66_6.62_3.00_3.01_1.30_228.2718_256.7787_0.7172#-2#15.063341871647355#0.24204342711606439
p232_047#music-rfm-0002#3.48_7.41_3.00_3.76_4.97_70.9182_96.4886_0.4488#-2#3.671824648601967#0.2863199791201754
SSB07110403#noise-free-sound-0318#3.33_6.37_3.00_1.82_1.66_285.3123_40.3922_0.2516#16639#20.38152409836615#0.2900740938957508
SSB11970030#music-jamendo-0120#5.08_5.98_3.00_2.14_3.57_260.7407_359.9416_0.3467#-2#20.739854486646962#0.4694543375694539
